#
# A fatal error has been detected by the Java Runtime Environment:
#
#  EXCEPTION_PRIV_INSTRUCTION (0xc0000096) at pc=0x000000018002c577, pid=11544, tid=5404
#
# JRE version: Java(TM) SE Runtime Environment (8.0_11-b12) (build 1.8.0_11-b12)
# Java VM: Java HotSpot(TM) 64-Bit Server VM (25.11-b03 mixed mode windows-amd64 compressed oops)
# Problematic frame:
# C  [ASProxy64.dll+0x2c577]
#
# Failed to write core dump. Minidumps are not enabled by default on client versions of Windows
#
# If you would like to submit a bug report, please visit:
#   http://bugreport.sun.com/bugreport/crash.jsp
# The crash happened outside the Java Virtual Machine in native code.
# See problematic frame for where to report the bug.
#

---------------  T H R E A D  ---------------

Current thread (0x0000000018065000):  JavaThread "Daemon worker" [_thread_in_native, id=5404, stack(0x000000001ac60000,0x000000001ad60000)]

siginfo: ExceptionCode=0xc0000096

Registers:
RAX=0x0000000000000000, RBX=0x0000000000271930, RCX=0x0000000000271944, RDX=0x000000001ad57d58
RSP=0x000000001ad57d60, RBP=0x0000000000000000, RSI=0x0000000000000000, RDI=0x000000001cb586d0
R8 =0x000000018006eae8, R9 =0x0000000000000000, R10=0x0000000000000000, R11=0x0000000000000064
R12=0x000000001cb58718, R13=0x000000001cab64d0, R14=0x000000001ad57f68, R15=0x0000000000000003
RIP=0x000000018002c577, EFLAGS=0x0000000000010246

Top of Stack: (sp=0x000000001ad57d60)
0x000000001ad57d60:   00000000001cb586 000000001ad500a8
0x000000001ad57d70:   fffffffffffffffe 000000001cab64c0
0x000000001ad57d80:   00000000180651e0 000000018002d472
0x000000001ad57d90:   000000018006ea70 0000000000271930
0x000000001ad57da0:   00000000196f6f80 00000000196f6f80
0x000000001ad57db0:   000000001cab64d0 0000000000000000
0x000000001ad57dc0:   fffffffffffffffe 0000000000000000
0x000000001ad57dd0:   0000000018065000 000000018002d3c2
0x000000001ad57de0:   0000000000271930 0000000000271930
0x000000001ad57df0:   00000000180651e0 0000000074778d94
0x000000001ad57e00:   0000000000000000 0000000000000000
0x000000001ad57e10:   0000000000000003 000000001b9876a0
0x000000001ad57e20:   00000000180651e0 0000000075be3aea
0x000000001ad57e30:   0000000000271930 00000000180651e0
0x000000001ad57e40:   000000001b9876a0 000000001b986aa0
0x000000001ad57e50:   0000d6b700000001 0000000000271930 

Instructions: (pc=0x000000018002c577)
0x000000018002c557:   00 00 00 00 fb 44 f4 90 f8 7f 00 00 53 48 83 ec
0x000000018002c567:   20 48 8b d9 48 89 7c 24 ff 25 00 00 00 00 b1 44
0x000000018002c577:   f4 90 f8 7f 00 00 89 04 24 8b 44 24 04 0f af 04
0x000000018002c587:   24 83 c0 02 89 04 24 8b 44 24 04 0f af 04 24 83 


Register to memory mapping:

RAX=0x0000000000000000 is an unknown value
RBX=0x0000000000271930 is an unknown value
RCX=0x0000000000271944 is an unknown value
RDX=0x000000001ad57d58 is pointing into the stack for thread: 0x0000000018065000
RSP=0x000000001ad57d60 is pointing into the stack for thread: 0x0000000018065000
RBP=0x0000000000000000 is an unknown value
RSI=0x0000000000000000 is an unknown value
RDI=0x000000001cb586d0 is an unknown value
R8 =0x000000018006eae8 is an unknown value
R9 =0x0000000000000000 is an unknown value
R10=0x0000000000000000 is an unknown value
R11=0x0000000000000064 is an unknown value
R12=0x000000001cb58718 is an unknown value
R13=0x000000001cab64d0 is an unknown value
R14=0x000000001ad57f68 is pointing into the stack for thread: 0x0000000018065000
R15=0x0000000000000003 is an unknown value


Stack: [0x000000001ac60000,0x000000001ad60000],  sp=0x000000001ad57d60,  free space=991k
Native frames: (J=compiled Java code, j=interpreted, Vv=VM code, C=native code)

Java frames: (J=compiled Java code, j=interpreted, Vv=VM code)
j  java.net.Inet6AddressImpl.lookupAllHostAddr(Ljava/lang/String;)[Ljava/net/InetAddress;+0
j  java.net.InetAddress$2.lookupAllHostAddr(Ljava/lang/String;)[Ljava/net/InetAddress;+4
j  java.net.InetAddress.getAddressesFromNameService(Ljava/lang/String;Ljava/net/InetAddress;)[Ljava/net/InetAddress;+51
j  java.net.InetAddress.getLocalHost()Ljava/net/InetAddress;+90
j  javax.crypto.JarVerifier.getSystemEntropy()[B+91
j  javax.crypto.JarVerifier.testSignatures(Ljava/security/cert/X509Certificate;Ljava/security/cert/CertificateFactory;)V+3
j  javax.crypto.JarVerifier.access$400(Ljava/security/cert/X509Certificate;Ljava/security/cert/CertificateFactory;)V+2
j  javax.crypto.JarVerifier$1.run()Ljava/lang/Void;+71
j  javax.crypto.JarVerifier$1.run()Ljava/lang/Object;+1
v  ~StubRoutines::call_stub
J 647  java.security.AccessController.doPrivileged(Ljava/security/PrivilegedExceptionAction;)Ljava/lang/Object; (0 bytes) @ 0x00000000024eb712 [0x00000000024eb6c0+0x52]
j  javax.crypto.JarVerifier.<clinit>()V+7
v  ~StubRoutines::call_stub
j  javax.crypto.JceSecurity.loadPolicies(Ljava/io/File;Ljavax/crypto/CryptoPermissions;Ljavax/crypto/CryptoPermissions;)V+146
j  javax.crypto.JceSecurity.setupJurisdictionPolicies()V+130
j  javax.crypto.JceSecurity.access$000()V+0
j  javax.crypto.JceSecurity$1.run()Ljava/lang/Object;+0
v  ~StubRoutines::call_stub
J 647  java.security.AccessController.doPrivileged(Ljava/security/PrivilegedExceptionAction;)Ljava/lang/Object; (0 bytes) @ 0x00000000024eb712 [0x00000000024eb6c0+0x52]
j  javax.crypto.JceSecurity.<clinit>()V+49
v  ~StubRoutines::call_stub
j  javax.crypto.JceSecurityManager.<clinit>()V+31
v  ~StubRoutines::call_stub
j  javax.crypto.Cipher.getConfiguredPermission(Ljava/lang/String;)Ljavax/crypto/CryptoPermission;+17
j  javax.crypto.Cipher.getMaxAllowedKeyLength(Ljava/lang/String;)I+1
j  sun.security.ssl.CipherSuite$BulkCipher.isAvailable(Lsun/security/ssl/CipherSuite$BulkCipher;)Z+36
j  sun.security.ssl.CipherSuite$BulkCipher.isAvailable()Z+27
j  sun.security.ssl.CipherSuite.isAvailable()Z+21
j  sun.security.ssl.SSLContextImpl.getApplicableCipherSuiteList(Lsun/security/ssl/ProtocolList;Z)Lsun/security/ssl/CipherSuiteList;+105
j  sun.security.ssl.SSLContextImpl.getDefaultCipherSuiteList(Z)Lsun/security/ssl/CipherSuiteList;+55
j  sun.security.ssl.SSLSocketImpl.init(Lsun/security/ssl/SSLContextImpl;Z)V+83
j  sun.security.ssl.SSLSocketImpl.<init>(Lsun/security/ssl/SSLContextImpl;)V+96
j  sun.security.ssl.SSLSocketFactoryImpl.createSocket()Ljava/net/Socket;+8
j  org.apache.http.conn.ssl.SSLSocketFactory.createSocket(Lorg/apache/http/params/HttpParams;)Ljava/net/Socket;+4
j  org.apache.http.impl.conn.DefaultClientConnectionOperator.openConnection(Lorg/apache/http/conn/OperatedClientConnection;Lorg/apache/http/HttpHost;Ljava/net/InetAddress;Lorg/apache/http/protocol/HttpContext;Lorg/apache/http/params/HttpParams;)V+142
j  org.apache.http.impl.conn.ManagedClientConnectionImpl.open(Lorg/apache/http/conn/routing/HttpRoute;Lorg/apache/http/protocol/HttpContext;Lorg/apache/http/params/HttpParams;)V+133
j  org.apache.http.impl.client.DefaultRequestDirector.tryConnect(Lorg/apache/http/impl/client/RoutedRequest;Lorg/apache/http/protocol/HttpContext;)V+49
j  org.apache.http.impl.client.DefaultRequestDirector.execute(Lorg/apache/http/HttpHost;Lorg/apache/http/HttpRequest;Lorg/apache/http/protocol/HttpContext;)Lorg/apache/http/HttpResponse;+367
j  org.apache.http.impl.client.AbstractHttpClient.execute(Lorg/apache/http/HttpHost;Lorg/apache/http/HttpRequest;Lorg/apache/http/protocol/HttpContext;)Lorg/apache/http/HttpResponse;+344
j  org.apache.http.impl.client.DecompressingHttpClient.execute(Lorg/apache/http/HttpHost;Lorg/apache/http/HttpRequest;Lorg/apache/http/protocol/HttpContext;)Lorg/apache/http/HttpResponse;+65
j  org.apache.http.impl.client.DecompressingHttpClient.execute(Lorg/apache/http/client/methods/HttpUriRequest;Lorg/apache/http/protocol/HttpContext;)Lorg/apache/http/HttpResponse;+8
j  org.gradle.internal.resource.transport.http.HttpClientHelper.performHttpRequest(Lorg/apache/http/client/methods/HttpRequestBase;)Lorg/apache/http/HttpResponse;+37
j  org.gradle.internal.resource.transport.http.HttpClientHelper.executeGetOrHead(Lorg/apache/http/client/methods/HttpRequestBase;)Lorg/apache/http/HttpResponse;+2
j  org.gradle.internal.resource.transport.http.HttpClientHelper.performRequest(Lorg/apache/http/client/methods/HttpRequestBase;)Lorg/apache/http/HttpResponse;+7
j  org.gradle.internal.resource.transport.http.HttpClientHelper.performRawGet(Ljava/lang/String;)Lorg/apache/http/HttpResponse;+9
j  org.gradle.internal.resource.transport.http.HttpClientHelper.performGet(Ljava/lang/String;)Lorg/apache/http/HttpResponse;+6
j  org.gradle.internal.resource.transport.http.HttpResourceAccessor.getResource(Ljava/net/URI;)Lorg/gradle/internal/resource/transport/http/HttpResponseResource;+25
j  org.gradle.internal.resource.transport.http.HttpResourceAccessor.getResource(Ljava/net/URI;)Lorg/gradle/internal/resource/ExternalResource;+2
j  org.gradle.internal.resource.transport.DefaultExternalResourceRepository.getResource(Ljava/net/URI;)Lorg/gradle/internal/resource/ExternalResource;+5
j  org.gradle.api.internal.artifacts.repositories.resolver.MavenMetadataLoader.parseMavenMetadataInfo(Ljava/net/URI;Lorg/gradle/api/internal/artifacts/repositories/resolver/MavenMetadata;)V+5
j  org.gradle.api.internal.artifacts.repositories.resolver.MavenMetadataLoader.load(Ljava/net/URI;)Lorg/gradle/api/internal/artifacts/repositories/resolver/MavenMetadata;+11
j  org.gradle.api.internal.artifacts.repositories.resolver.MavenVersionLister$1.visit(Lorg/gradle/api/internal/artifacts/repositories/resolver/ResourcePattern;Lorg/gradle/internal/component/model/IvyArtifactName;)V+51
j  org.gradle.api.internal.artifacts.repositories.resolver.ChainedVersionLister$1.visit(Lorg/gradle/api/internal/artifacts/repositories/resolver/ResourcePattern;Lorg/gradle/internal/component/model/IvyArtifactName;)V+39
j  org.gradle.api.internal.artifacts.repositories.resolver.ExternalResourceResolver.listVersionsForAllPatterns(Ljava/util/List;Lorg/gradle/internal/component/model/IvyArtifactName;Lorg/gradle/api/internal/artifacts/repositories/resolver/VersionPatternVisitor;)V+34
j  org.gradle.api.internal.artifacts.repositories.resolver.ExternalResourceResolver.doListModuleVersions(Lorg/gradle/internal/component/model/DependencyMetaData;Lorg/gradle/internal/resolve/result/BuildableModuleComponentVersionSelectionResolveResult;)V+80
j  org.gradle.api.internal.artifacts.repositories.resolver.ExternalResourceResolver.access$100(Lorg/gradle/api/internal/artifacts/repositories/resolver/ExternalResourceResolver;Lorg/gradle/internal/component/model/DependencyMetaData;Lorg/gradle/internal/resolve/result/BuildableModuleComponentVersionSelectionResolveResult;)V+3
j  org.gradle.api.internal.artifacts.repositories.resolver.ExternalResourceResolver$RemoteRepositoryAccess.listModuleVersions(Lorg/gradle/internal/component/model/DependencyMetaData;Lorg/gradle/internal/resolve/result/BuildableModuleComponentVersionSelectionResolveResult;)V+6
j  org.gradle.api.internal.artifacts.ivyservice.ivyresolve.CacheLockReleasingModuleComponentsRepository$LockReleasingRepositoryAccess$1.run()V+15
j  org.gradle.internal.Factories$1.create()Ljava/lang/Object;+4
j  org.gradle.cache.internal.DefaultCacheAccess.longRunningOperation(Ljava/lang/String;Lorg/gradle/internal/Factory;)Ljava/lang/Object;+7
j  org.gradle.cache.internal.DefaultCacheAccess.longRunningOperation(Ljava/lang/String;Ljava/lang/Runnable;)V+6
j  org.gradle.cache.internal.DefaultPersistentDirectoryStore.longRunningOperation(Ljava/lang/String;Ljava/lang/Runnable;)V+6
j  org.gradle.cache.internal.DefaultCacheFactory$ReferenceTrackingCache.longRunningOperation(Ljava/lang/String;Ljava/lang/Runnable;)V+9
j  org.gradle.api.internal.artifacts.ivyservice.DefaultCacheLockingManager.longRunningOperation(Ljava/lang/String;Ljava/lang/Runnable;)V+6
j  org.gradle.api.internal.artifacts.ivyservice.ivyresolve.CacheLockReleasingModuleComponentsRepository$LockReleasingRepositoryAccess.listModuleVersions(Lorg/gradle/internal/component/model/DependencyMetaData;Lorg/gradle/internal/resolve/result/BuildableModuleComponentVersionSelectionResolveResult;)V+34
j  org.gradle.api.internal.artifacts.ivyservice.ivyresolve.CachingModuleComponentRepository$ResolveAndCacheRepositoryAccess.listModuleVersions(Lorg/gradle/internal/component/model/DependencyMetaData;Lorg/gradle/internal/resolve/result/BuildableModuleComponentVersionSelectionResolveResult;)V+14
j  org.gradle.api.internal.artifacts.ivyservice.ivyresolve.BaseModuleComponentRepositoryAccess.listModuleVersions(Lorg/gradle/internal/component/model/DependencyMetaData;Lorg/gradle/internal/resolve/result/BuildableModuleComponentVersionSelectionResolveResult;)V+6
j  org.gradle.api.internal.artifacts.ivyservice.ivyresolve.memcache.InMemoryCachedModuleComponentRepository$CachedAccess.listModuleVersions(Lorg/gradle/internal/component/model/DependencyMetaData;Lorg/gradle/internal/resolve/result/BuildableModuleComponentVersionSelectionResolveResult;)V+20
j  org.gradle.api.internal.artifacts.ivyservice.ivyresolve.DynamicVersionResolver$RepositoryResolveState.process(Lorg/gradle/internal/component/model/DependencyMetaData;Lorg/gradle/api/internal/artifacts/ivyservice/ivyresolve/ModuleComponentRepositoryAccess;Lorg/gradle/internal/resolve/result/BuildableModuleComponentMetaDataResolveResult;)V+6
j  org.gradle.api.internal.artifacts.ivyservice.ivyresolve.DynamicVersionResolver$RepositoryResolveState.resolve(Lorg/gradle/internal/component/model/DependencyMetaData;)V+53
j  org.gradle.api.internal.artifacts.ivyservice.ivyresolve.DynamicVersionResolver.findLatestModule(Lorg/gradle/internal/component/model/DependencyMetaData;Ljava/util/LinkedList;Ljava/util/Collection;Ljava/util/Collection;)Lorg/gradle/api/internal/artifacts/ivyservice/ivyresolve/RepositoryChainModuleResolution;+22
j  org.gradle.api.internal.artifacts.ivyservice.ivyresolve.DynamicVersionResolver.findLatestModule(Lorg/gradle/internal/component/model/DependencyMetaData;Ljava/util/List;Ljava/util/Collection;)Lorg/gradle/api/internal/artifacts/ivyservice/ivyresolve/RepositoryChainModuleResolution;+32
j  org.gradle.api.internal.artifacts.ivyservice.ivyresolve.DynamicVersionResolver.resolve(Lorg/gradle/internal/component/model/DependencyMetaData;Lorg/gradle/internal/resolve/result/BuildableComponentIdResolveResult;)V+100
j  org.gradle.api.internal.artifacts.ivyservice.ivyresolve.RepositoryChainAdapter.resolve(Lorg/gradle/internal/component/model/DependencyMetaData;Lorg/gradle/internal/resolve/result/BuildableComponentIdResolveResult;)V+31
j  org.gradle.api.internal.artifacts.ivyservice.projectmodule.ProjectDependencyResolver.resolve(Lorg/gradle/internal/component/model/DependencyMetaData;Lorg/gradle/internal/resolve/result/BuildableComponentIdResolveResult;)V+56
j  org.gradle.api.internal.artifacts.ivyservice.VersionForcingDependencyToModuleResolver.resolve(Lorg/gradle/internal/component/model/DependencyMetaData;Lorg/gradle/internal/resolve/result/BuildableComponentIdResolveResult;)V+101
j  org.gradle.api.internal.artifacts.ivyservice.resolveengine.graph.DependencyGraphBuilder$ModuleVersionSelectorResolveState.resolveModuleRevisionId()Lorg/gradle/api/internal/artifacts/ivyservice/resolveengine/graph/DependencyGraphBuilder$ModuleVersionResolveState;+44
j  org.gradle.api.internal.artifacts.ivyservice.resolveengine.graph.DependencyGraphBuilder$DependencyEdge.resolveModuleRevisionId()Lorg/gradle/api/internal/artifacts/ivyservice/resolveengine/graph/DependencyGraphBuilder$ModuleVersionResolveState;+12
j  org.gradle.api.internal.artifacts.ivyservice.resolveengine.graph.DependencyGraphBuilder.traverseGraph(Lorg/gradle/api/internal/artifacts/ivyservice/resolveengine/graph/DependencyGraphBuilder$ResolveState;Lorg/gradle/api/internal/artifacts/ivyservice/resolveengine/graph/conflicts/ConflictHandler;)V+113
j  org.gradle.api.internal.artifacts.ivyservice.resolveengine.graph.DependencyGraphBuilder.resolveDependencyGraph(Lorg/gradle/api/internal/artifacts/configurations/ConfigurationInternal;Lorg/gradle/api/internal/artifacts/ivyservice/resolveengine/graph/DependencyGraphVisitor;)V+94
j  org.gradle.api.internal.artifacts.ivyservice.resolveengine.graph.DependencyGraphBuilder.resolve(Lorg/gradle/api/internal/artifacts/configurations/ConfigurationInternal;Lorg/gradle/api/internal/artifacts/ivyservice/resolveengine/result/ResolutionResultBuilder;Lorg/gradle/api/internal/artifacts/ivyservice/resolveengine/oldresult/ResolvedConfigurationBuilder;)V+51
j  org.gradle.api.internal.artifacts.ivyservice.resolveengine.DefaultDependencyResolver$1.execute(Lorg/apache/ivy/Ivy;)V+314
j  org.gradle.api.internal.artifacts.ivyservice.resolveengine.DefaultDependencyResolver$1.execute(Ljava/lang/Object;)V+5
j  org.gradle.internal.Transformers$4.transform(Ljava/lang/Object;)Ljava/lang/Object;+5
j  org.gradle.api.internal.artifacts.ivyservice.DefaultIvyContextManager.withIvy(Lorg/gradle/api/Transformer;)Ljava/lang/Object;+96
j  org.gradle.api.internal.artifacts.ivyservice.DefaultIvyContextManager.withIvy(Lorg/gradle/api/Action;)V+5
j  org.gradle.api.internal.artifacts.ivyservice.resolveengine.DefaultDependencyResolver.resolve(Lorg/gradle/api/internal/artifacts/configurations/ConfigurationInternal;Ljava/util/List;Lorg/gradle/api/internal/artifacts/GlobalDependencyResolutionRules;Lorg/gradle/api/internal/artifacts/ResolverResults;)V+28
j  org.gradle.api.internal.artifacts.ivyservice.CacheLockingArtifactDependencyResolver$1.run()V+23
j  org.gradle.internal.Factories$1.create()Ljava/lang/Object;+4
j  org.gradle.cache.internal.DefaultCacheAccess.useCache(Ljava/lang/String;Lorg/gradle/internal/Factory;)Ljava/lang/Object;+45
j  org.gradle.cache.internal.DefaultCacheAccess.useCache(Ljava/lang/String;Ljava/lang/Runnable;)V+6
j  org.gradle.cache.internal.DefaultPersistentDirectoryStore.useCache(Ljava/lang/String;Ljava/lang/Runnable;)V+6
j  org.gradle.cache.internal.DefaultCacheFactory$ReferenceTrackingCache.useCache(Ljava/lang/String;Ljava/lang/Runnable;)V+9
j  org.gradle.api.internal.artifacts.ivyservice.DefaultCacheLockingManager.useCache(Ljava/lang/String;Ljava/lang/Runnable;)V+6
j  org.gradle.api.internal.artifacts.ivyservice.CacheLockingArtifactDependencyResolver.resolve(Lorg/gradle/api/internal/artifacts/configurations/ConfigurationInternal;Ljava/util/List;Lorg/gradle/api/internal/artifacts/GlobalDependencyResolutionRules;Lorg/gradle/api/internal/artifacts/ResolverResults;)V+30
j  org.gradle.api.internal.artifacts.ivyservice.SelfResolvingDependencyResolver.resolve(Lorg/gradle/api/internal/artifacts/configurations/ConfigurationInternal;Ljava/util/List;Lorg/gradle/api/internal/artifacts/GlobalDependencyResolutionRules;Lorg/gradle/api/internal/artifacts/ResolverResults;)V+9
j  org.gradle.api.internal.artifacts.ivyservice.ShortcircuitEmptyConfigsArtifactDependencyResolver.resolve(Lorg/gradle/api/internal/artifacts/configurations/ConfigurationInternal;Ljava/util/List;Lorg/gradle/api/internal/artifacts/GlobalDependencyResolutionRules;Lorg/gradle/api/internal/artifacts/ResolverResults;)V+88
j  org.gradle.api.internal.artifacts.ivyservice.ErrorHandlingArtifactDependencyResolver.resolve(Lorg/gradle/api/internal/artifacts/configurations/ConfigurationInternal;Ljava/util/List;Lorg/gradle/api/internal/artifacts/GlobalDependencyResolutionRules;Lorg/gradle/api/internal/artifacts/ResolverResults;)V+9
j  org.gradle.api.internal.artifacts.ivyservice.DefaultConfigurationResolver.resolve(Lorg/gradle/api/internal/artifacts/configurations/ConfigurationInternal;)Lorg/gradle/api/internal/artifacts/ResolverResults;+33
j  org.gradle.api.internal.artifacts.configurations.DefaultConfiguration.resolveNow()V+40
j  org.gradle.api.internal.artifacts.configurations.DefaultConfiguration.getResolvedConfiguration()Lorg/gradle/api/artifacts/ResolvedConfiguration;+1
j  org.gradle.api.internal.artifacts.configurations.DefaultConfiguration_Decorated.getResolvedConfiguration()Lorg/gradle/api/artifacts/ResolvedConfiguration;+7
j  org.gradle.api.internal.artifacts.configurations.DefaultConfiguration$ConfigurationFileCollection.getFiles()Ljava/util/Set;+14
j  org.gradle.api.internal.artifacts.configurations.DefaultConfiguration.getFiles()Ljava/util/Set;+7
j  org.gradle.api.internal.artifacts.configurations.DefaultConfiguration_Decorated.getFiles()Ljava/util/Set;+7
j  org.gradle.plugin.use.internal.DefaultPluginRequestApplicator.defineScriptHandlerClassScope(Lorg/gradle/api/initialization/dsl/ScriptHandler;Lorg/gradle/api/internal/initialization/ClassLoaderScope;)V+15
j  org.gradle.plugin.use.internal.DefaultPluginRequestApplicator.applyPlugins(Ljava/util/Collection;Lorg/gradle/api/initialization/dsl/ScriptHandler;Lorg/gradle/api/plugins/PluginAware;Lorg/gradle/api/internal/initialization/ClassLoaderScope;)V+13
j  org.gradle.configuration.DefaultScriptPluginFactory$ScriptPluginImpl.apply(Ljava/lang/Object;)V+329
j  org.gradle.configuration.project.BuildScriptProcessor.execute(Lorg/gradle/api/internal/project/ProjectInternal;)V+85
j  org.gradle.configuration.project.BuildScriptProcessor.execute(Ljava/lang/Object;)V+5
j  org.gradle.configuration.project.ConfigureActionsProjectEvaluator.evaluate(Lorg/gradle/api/internal/project/ProjectInternal;Lorg/gradle/api/internal/project/ProjectStateInternal;)V+33
j  org.gradle.configuration.project.LifecycleProjectEvaluator.evaluate(Lorg/gradle/api/internal/project/ProjectInternal;Lorg/gradle/api/internal/project/ProjectStateInternal;)V+54
j  org.gradle.api.internal.project.AbstractProject.evaluate()Lorg/gradle/api/internal/project/AbstractProject;+9
j  org.gradle.api.internal.project.AbstractProject.evaluate()Lorg/gradle/api/Project;+1
j  org.gradle.execution.TaskPathProjectEvaluator.configureHierarchy(Lorg/gradle/api/internal/project/ProjectInternal;)V+21
j  org.gradle.configuration.DefaultBuildConfigurer.configure(Lorg/gradle/api/internal/GradleInternal;)V+50
j  org.gradle.initialization.DefaultGradleLauncher.doBuildStages(Lorg/gradle/initialization/DefaultGradleLauncher$Stage;)V+85
j  org.gradle.initialization.DefaultGradleLauncher.doBuild(Lorg/gradle/initialization/DefaultGradleLauncher$Stage;)Lorg/gradle/BuildResult;+27
j  org.gradle.initialization.DefaultGradleLauncher.getBuildAnalysis()Lorg/gradle/BuildResult;+4
j  org.gradle.launcher.exec.InProcessBuildActionExecuter$DefaultBuildController.configure()Lorg/gradle/api/internal/GradleInternal;+5
j  org.gradle.tooling.internal.provider.ClientProvidedBuildAction.run(Lorg/gradle/initialization/BuildController;)Lorg/gradle/tooling/internal/provider/BuildActionResult;+39
j  org.gradle.tooling.internal.provider.ClientProvidedBuildAction.run(Lorg/gradle/initialization/BuildController;)Ljava/lang/Object;+2
j  org.gradle.tooling.internal.provider.ConfiguringBuildAction.run(Lorg/gradle/initialization/BuildController;)Ljava/lang/Object;+15
j  org.gradle.launcher.exec.InProcessBuildActionExecuter.execute(Lorg/gradle/initialization/BuildAction;Lorg/gradle/initialization/BuildCancellationToken;Lorg/gradle/launcher/exec/BuildActionParameters;)Ljava/lang/Object;+19
j  org.gradle.launcher.exec.InProcessBuildActionExecuter.execute(Lorg/gradle/initialization/BuildAction;Lorg/gradle/initialization/BuildCancellationToken;Ljava/lang/Object;)Ljava/lang/Object;+7
j  org.gradle.launcher.daemon.server.exec.ExecuteBuild.doBuild(Lorg/gradle/launcher/daemon/server/exec/DaemonCommandExecution;Lorg/gradle/launcher/daemon/protocol/Build;)V+47
j  org.gradle.launcher.daemon.server.exec.BuildCommandOnly.execute(Lorg/gradle/launcher/daemon/server/exec/DaemonCommandExecution;)V+49
j  org.gradle.launcher.daemon.server.exec.DaemonCommandExecution.proceed()Z+28
j  org.gradle.launcher.daemon.server.exec.WatchForDisconnection.execute(Lorg/gradle/launcher/daemon/server/exec/DaemonCommandExecution;)V+19
j  org.gradle.launcher.daemon.server.exec.DaemonCommandExecution.proceed()Z+28
j  org.gradle.launcher.daemon.server.exec.ResetDeprecationLogger.execute(Lorg/gradle/launcher/daemon/server/exec/DaemonCommandExecution;)V+4
j  org.gradle.launcher.daemon.server.exec.DaemonCommandExecution.proceed()Z+28
j  org.gradle.launcher.daemon.server.exec.StartStopIfBuildAndStop.execute(Lorg/gradle/launcher/daemon/server/exec/DaemonCommandExecution;)V+34
j  org.gradle.launcher.daemon.server.exec.DaemonCommandExecution.proceed()Z+28
j  org.gradle.launcher.daemon.server.exec.ForwardClientInput$2.call()Ljava/lang/Void;+4
j  org.gradle.launcher.daemon.server.exec.ForwardClientInput$2.call()Ljava/lang/Object;+1
j  org.gradle.util.Swapper.swap(Ljava/lang/Object;Ljava/util/concurrent/Callable;)Ljava/lang/Object;+21
j  org.gradle.launcher.daemon.server.exec.ForwardClientInput.execute(Lorg/gradle/launcher/daemon/server/exec/DaemonCommandExecution;)V+63
j  org.gradle.launcher.daemon.server.exec.DaemonCommandExecution.proceed()Z+28
j  org.gradle.launcher.daemon.server.exec.LogToClient.doBuild(Lorg/gradle/launcher/daemon/server/exec/DaemonCommandExecution;Lorg/gradle/launcher/daemon/protocol/Build;)V+92
j  org.gradle.launcher.daemon.server.exec.BuildCommandOnly.execute(Lorg/gradle/launcher/daemon/server/exec/DaemonCommandExecution;)V+49
j  org.gradle.launcher.daemon.server.exec.DaemonCommandExecution.proceed()Z+28
j  org.gradle.launcher.daemon.server.exec.EstablishBuildEnvironment.doBuild(Lorg/gradle/launcher/daemon/server/exec/DaemonCommandExecution;Lorg/gradle/launcher/daemon/protocol/Build;)V+237
j  org.gradle.launcher.daemon.server.exec.BuildCommandOnly.execute(Lorg/gradle/launcher/daemon/server/exec/DaemonCommandExecution;)V+49
j  org.gradle.launcher.daemon.server.exec.DaemonCommandExecution.proceed()Z+28
j  org.gradle.launcher.daemon.server.exec.DaemonHygieneAction.execute(Lorg/gradle/launcher/daemon/server/exec/DaemonCommandExecution;)V+1
j  org.gradle.launcher.daemon.server.exec.DaemonCommandExecution.proceed()Z+28
j  org.gradle.launcher.daemon.server.exec.StartBuildOrRespondWithBusy$1.run()V+44
j  org.gradle.launcher.daemon.server.DaemonStateCoordinator$1.run()V+4
j  org.gradle.internal.concurrent.DefaultExecutorFactory$StoppableExecutorImpl$1.run()V+18
j  java.util.concurrent.ThreadPoolExecutor.runWorker(Ljava/util/concurrent/ThreadPoolExecutor$Worker;)V+95
j  java.util.concurrent.ThreadPoolExecutor$Worker.run()V+5
j  java.lang.Thread.run()V+11
v  ~StubRoutines::call_stub

---------------  P R O C E S S  ---------------

Java Threads: ( => current thread )
  0x0000000018799000 JavaThread "File lock request listener" [_thread_in_native, id=12408, stack(0x000000001b260000,0x000000001b360000)]
  0x0000000018267800 JavaThread "Stdin handler" [_thread_blocked, id=10624, stack(0x000000001ad60000,0x000000001ae60000)]
=>0x0000000018065000 JavaThread "Daemon worker" [_thread_in_native, id=5404, stack(0x000000001ac60000,0x000000001ad60000)]
  0x000000001807d800 JavaThread "Cancel handler" [_thread_blocked, id=12796, stack(0x000000001ab60000,0x000000001ac60000)]
  0x00000000180bf800 JavaThread "Handler for socket connection from /127.0.0.1:54971 to /127.0.0.1:55181" [_thread_in_native, id=10876, stack(0x000000001aa60000,0x000000001ab60000)]
  0x000000001810f800 JavaThread "Daemon" [_thread_blocked, id=7820, stack(0x000000001a680000,0x000000001a780000)]
  0x0000000018085800 JavaThread "Incoming local TCP Connector on port 54971" [_thread_in_native, id=3712, stack(0x0000000019fd0000,0x000000001a0d0000)]
  0x0000000016dde800 JavaThread "Service Thread" daemon [_thread_blocked, id=12900, stack(0x0000000017720000,0x0000000017820000)]
  0x0000000016d56000 JavaThread "C1 CompilerThread3" daemon [_thread_blocked, id=12876, stack(0x0000000017620000,0x0000000017720000)]
  0x0000000016d51000 JavaThread "C2 CompilerThread2" daemon [_thread_blocked, id=11632, stack(0x0000000017520000,0x0000000017620000)]
  0x0000000016d4d000 JavaThread "C2 CompilerThread1" daemon [_thread_blocked, id=12484, stack(0x0000000017420000,0x0000000017520000)]
  0x0000000016d49000 JavaThread "C2 CompilerThread0" daemon [_thread_blocked, id=3800, stack(0x0000000017320000,0x0000000017420000)]
  0x0000000016d47000 JavaThread "Attach Listener" daemon [_thread_blocked, id=12388, stack(0x0000000017220000,0x0000000017320000)]
  0x0000000016d45800 JavaThread "Signal Dispatcher" daemon [_thread_blocked, id=12608, stack(0x0000000017120000,0x0000000017220000)]
  0x000000000222a800 JavaThread "Finalizer" daemon [_thread_blocked, id=13140, stack(0x0000000016c20000,0x0000000016d20000)]
  0x0000000014d4c000 JavaThread "Reference Handler" daemon [_thread_blocked, id=13224, stack(0x0000000016b20000,0x0000000016c20000)]
  0x000000000202e000 JavaThread "main" [_thread_blocked, id=3124, stack(0x0000000002030000,0x0000000002130000)]

Other Threads:
  0x0000000014d48000 VMThread [stack: 0x0000000016a20000,0x0000000016b20000] [id=13084]
  0x0000000016de4800 WatcherThread [stack: 0x0000000017820000,0x0000000017920000] [id=11692]

VM state:not at safepoint (normal execution)

VM Mutex/Monitor currently owned by a thread: None

Heap:
 PSYoungGen      total 100352K, used 16878K [0x00000000eab00000, 0x00000000f1980000, 0x0000000100000000)
  eden space 96256K, 15% used [0x00000000eab00000,0x00000000eba08330,0x00000000f0900000)
  from space 4096K, 36% used [0x00000000f1000000,0x00000000f1173500,0x00000000f1400000)
  to   space 7168K, 0% used [0x00000000f0900000,0x00000000f0900000,0x00000000f1000000)
 ParOldGen       total 22016K, used 16113K [0x00000000c0000000, 0x00000000c1580000, 0x00000000eab00000)
  object space 22016K, 73% used [0x00000000c0000000,0x00000000c0fbc7b8,0x00000000c1580000)
 Metaspace       used 29383K, capacity 30222K, committed 30336K, reserved 1075200K
  class space    used 3928K, capacity 4210K, committed 4224K, reserved 1048576K

Card table byte_map: [0x00000000115f0000,0x0000000011800000] byte_map_base: 0x0000000010ff0000

Marking Bits: (ParMarkBitMap*) 0x00000000744c12b0
 Begin Bits: [0x0000000012160000, 0x0000000013160000)
 End Bits:   [0x0000000013160000, 0x0000000014160000)

Polling page: 0x00000000006e0000

CodeCache: size=245760Kb used=11354Kb max_used=11366Kb free=234405Kb
 bounds [0x0000000002230000, 0x0000000002d60000, 0x0000000011230000]
 total_blobs=3504 nmethods=2860 adapters=556
 compilation: enabled

Compilation events (10 events):
Event: 4.150 Thread 0x0000000016d56000 2861   !   3       java.io.BufferedReader::read (104 bytes)
Event: 4.150 Thread 0x0000000016d56000 nmethod 2861 0x0000000002d3e610 code [0x0000000002d3e7c0, 0x0000000002d3ee58]
Event: 4.151 Thread 0x0000000016d49000 2862       4       sun.security.util.DerInputStream::<init> (19 bytes)
Event: 4.152 Thread 0x0000000016d49000 nmethod 2862 0x0000000002d37f10 code [0x0000000002d38040, 0x0000000002d380d8]
Event: 4.152 Thread 0x0000000016d4d000 2863       4       java.security.MessageDigest$Delegate::engineUpdate (11 bytes)
Event: 4.152 Thread 0x0000000016d56000 2864   !   3       java.lang.StringCoding::encode (120 bytes)
Event: 4.154 Thread 0x0000000016d56000 nmethod 2864 0x0000000002d4c150 code [0x0000000002d4c480, 0x0000000002d4dc18]
Event: 4.154 Thread 0x0000000016d56000 2865   !   3       java.lang.StringCoding$StringEncoder::encode (179 bytes)
Event: 4.155 Thread 0x0000000016d56000 nmethod 2865 0x0000000002d4ea90 code [0x0000000002d4ede0, 0x0000000002d50978]
Event: 4.155 Thread 0x0000000016d4d000 nmethod 2863 0x0000000002d3dd50 code [0x0000000002d3dec0, 0x0000000002d3e268]

GC Heap History (10 events):
Event: 2.759 GC heap before
{Heap before GC invocations=20 (full 1):
 PSYoungGen      total 76800K, used 72704K [0x00000000eab00000, 0x00000000efa00000, 0x0000000100000000)
  eden space 72704K, 100% used [0x00000000eab00000,0x00000000ef200000,0x00000000ef200000)
  from space 4096K, 0% used [0x00000000ef600000,0x00000000ef600000,0x00000000efa00000)
  to   space 4096K, 0% used [0x00000000ef200000,0x00000000ef200000,0x00000000ef600000)
 ParOldGen       total 10752K, used 7727K [0x00000000c0000000, 0x00000000c0a80000, 0x00000000eab00000)
  object space 10752K, 71% used [0x00000000c0000000,0x00000000c078bdc8,0x00000000c0a80000)
 Metaspace       used 22304K, capacity 22800K, committed 22912K, reserved 1069056K
  class space    used 2935K, capacity 3106K, committed 3200K, reserved 1048576K
Event: 2.762 GC heap after
Heap after GC invocations=20 (full 1):
 PSYoungGen      total 76800K, used 2414K [0x00000000eab00000, 0x00000000f0680000, 0x0000000100000000)
  eden space 72704K, 0% used [0x00000000eab00000,0x00000000eab00000,0x00000000ef200000)
  from space 4096K, 58% used [0x00000000ef200000,0x00000000ef45b8d8,0x00000000ef600000)
  to   space 4096K, 0% used [0x00000000f0280000,0x00000000f0280000,0x00000000f0680000)
 ParOldGen       total 10752K, used 7735K [0x00000000c0000000, 0x00000000c0a80000, 0x00000000eab00000)
  object space 10752K, 71% used [0x00000000c0000000,0x00000000c078ddc8,0x00000000c0a80000)
 Metaspace       used 22304K, capacity 22800K, committed 22912K, reserved 1069056K
  class space    used 2935K, capacity 3106K, committed 3200K, reserved 1048576K
}
Event: 2.981 GC heap before
{Heap before GC invocations=21 (full 1):
 PSYoungGen      total 76800K, used 75118K [0x00000000eab00000, 0x00000000f0680000, 0x0000000100000000)
  eden space 72704K, 100% used [0x00000000eab00000,0x00000000ef200000,0x00000000ef200000)
  from space 4096K, 58% used [0x00000000ef200000,0x00000000ef45b8d8,0x00000000ef600000)
  to   space 4096K, 0% used [0x00000000f0280000,0x00000000f0280000,0x00000000f0680000)
 ParOldGen       total 10752K, used 7735K [0x00000000c0000000, 0x00000000c0a80000, 0x00000000eab00000)
  object space 10752K, 71% used [0x00000000c0000000,0x00000000c078ddc8,0x00000000c0a80000)
 Metaspace       used 22307K, capacity 22800K, committed 22912K, reserved 1069056K
  class space    used 2935K, capacity 3106K, committed 3200K, reserved 1048576K
Event: 2.983 GC heap after
Heap after GC invocations=21 (full 1):
 PSYoungGen      total 88576K, used 2000K [0x00000000eab00000, 0x00000000f0600000, 0x0000000100000000)
  eden space 84992K, 0% used [0x00000000eab00000,0x00000000eab00000,0x00000000efe00000)
  from space 3584K, 55% used [0x00000000f0280000,0x00000000f0474010,0x00000000f0600000)
  to   space 4096K, 0% used [0x00000000efe00000,0x00000000efe00000,0x00000000f0200000)
 ParOldGen       total 10752K, used 7743K [0x00000000c0000000, 0x00000000c0a80000, 0x00000000eab00000)
  object space 10752K, 72% used [0x00000000c0000000,0x00000000c078fdc8,0x00000000c0a80000)
 Metaspace       used 22307K, capacity 22800K, committed 22912K, reserved 1069056K
  class space    used 2935K, capacity 3106K, committed 3200K, reserved 1048576K
}
Event: 3.186 GC heap before
{Heap before GC invocations=22 (full 1):
 PSYoungGen      total 88576K, used 86992K [0x00000000eab00000, 0x00000000f0600000, 0x0000000100000000)
  eden space 84992K, 100% used [0x00000000eab00000,0x00000000efe00000,0x00000000efe00000)
  from space 3584K, 55% used [0x00000000f0280000,0x00000000f0474010,0x00000000f0600000)
  to   space 4096K, 0% used [0x00000000efe00000,0x00000000efe00000,0x00000000f0200000)
 ParOldGen       total 10752K, used 7743K [0x00000000c0000000, 0x00000000c0a80000, 0x00000000eab00000)
  object space 10752K, 72% used [0x00000000c0000000,0x00000000c078fdc8,0x00000000c0a80000)
 Metaspace       used 22308K, capacity 22864K, committed 23168K, reserved 1069056K
  class space    used 2936K, capacity 3106K, committed 3200K, reserved 1048576K
Event: 3.188 GC heap after
Heap after GC invocations=22 (full 1):
 PSYoungGen      total 89088K, used 2544K [0x00000000eab00000, 0x00000000f1400000, 0x0000000100000000)
  eden space 84992K, 0% used [0x00000000eab00000,0x00000000eab00000,0x00000000efe00000)
  from space 4096K, 62% used [0x00000000efe00000,0x00000000f007c030,0x00000000f0200000)
  to   space 4096K, 0% used [0x00000000f1000000,0x00000000f1000000,0x00000000f1400000)
 ParOldGen       total 10752K, used 7751K [0x00000000c0000000, 0x00000000c0a80000, 0x00000000eab00000)
  object space 10752K, 72% used [0x00000000c0000000,0x00000000c0791dc8,0x00000000c0a80000)
 Metaspace       used 22308K, capacity 22864K, committed 23168K, reserved 1069056K
  class space    used 2936K, capacity 3106K, committed 3200K, reserved 1048576K
}
Event: 3.866 GC heap before
{Heap before GC invocations=23 (full 1):
 PSYoungGen      total 89088K, used 87536K [0x00000000eab00000, 0x00000000f1400000, 0x0000000100000000)
  eden space 84992K, 100% used [0x00000000eab00000,0x00000000efe00000,0x00000000efe00000)
  from space 4096K, 62% used [0x00000000efe00000,0x00000000f007c030,0x00000000f0200000)
  to   space 4096K, 0% used [0x00000000f1000000,0x00000000f1000000,0x00000000f1400000)
 ParOldGen       total 10752K, used 7751K [0x00000000c0000000, 0x00000000c0a80000, 0x00000000eab00000)
  object space 10752K, 72% used [0x00000000c0000000,0x00000000c0791dc8,0x00000000c0a80000)
 Metaspace       used 27086K, capacity 27870K, committed 28032K, reserved 1073152K
  class space    used 3630K, capacity 3879K, committed 3968K, reserved 1048576K
Event: 3.873 GC heap after
Heap after GC invocations=23 (full 1):
 PSYoungGen      total 100352K, used 4064K [0x00000000eab00000, 0x00000000f1980000, 0x0000000100000000)
  eden space 96256K, 0% used [0x00000000eab00000,0x00000000eab00000,0x00000000f0900000)
  from space 4096K, 99% used [0x00000000f1000000,0x00000000f13f8050,0x00000000f1400000)
  to   space 7168K, 0% used [0x00000000f0900000,0x00000000f0900000,0x00000000f1000000)
 ParOldGen       total 16384K, used 14357K [0x00000000c0000000, 0x00000000c1000000, 0x00000000eab00000)
  object space 16384K, 87% used [0x00000000c0000000,0x00000000c0e05550,0x00000000c1000000)
 Metaspace       used 27086K, capacity 27870K, committed 28032K, reserved 1073152K
  class space    used 3630K, capacity 3879K, committed 3968K, reserved 1048576K
}
Event: 3.873 GC heap before
{Heap before GC invocations=24 (full 2):
 PSYoungGen      total 100352K, used 4064K [0x00000000eab00000, 0x00000000f1980000, 0x0000000100000000)
  eden space 96256K, 0% used [0x00000000eab00000,0x00000000eab00000,0x00000000f0900000)
  from space 4096K, 99% used [0x00000000f1000000,0x00000000f13f8050,0x00000000f1400000)
  to   space 7168K, 0% used [0x00000000f0900000,0x00000000f0900000,0x00000000f1000000)
 ParOldGen       total 16384K, used 14357K [0x00000000c0000000, 0x00000000c1000000, 0x00000000eab00000)
  object space 16384K, 87% used [0x00000000c0000000,0x00000000c0e05550,0x00000000c1000000)
 Metaspace       used 27086K, capacity 27870K, committed 28032K, reserved 1073152K
  class space    used 3630K, capacity 3879K, committed 3968K, reserved 1048576K
Event: 4.000 GC heap after
Heap after GC invocations=24 (full 2):
 PSYoungGen      total 100352K, used 1485K [0x00000000eab00000, 0x00000000f1980000, 0x0000000100000000)
  eden space 96256K, 0% used [0x00000000eab00000,0x00000000eab00000,0x00000000f0900000)
  from space 4096K, 36% used [0x00000000f1000000,0x00000000f1173500,0x00000000f1400000)
  to   space 7168K, 0% used [0x00000000f0900000,0x00000000f0900000,0x00000000f1000000)
 ParOldGen       total 22016K, used 16113K [0x00000000c0000000, 0x00000000c1580000, 0x00000000eab00000)
  object space 22016K, 73% used [0x00000000c0000000,0x00000000c0fbc7b8,0x00000000c1580000)
 Metaspace       used 27086K, capacity 27870K, committed 28032K, reserved 1073152K
  class space    used 3630K, capacity 3879K, committed 3968K, reserved 1048576K
}

Deoptimization events (10 events):
Event: 4.050 Thread 0x0000000018065000 Uncommon trap: reason=bimorphic action=maybe_recompile pc=0x0000000002ca58f0 method=sun.security.provider.DigestBase.engineUpdate([BII)V @ 128
Event: 4.052 Thread 0x0000000018065000 Uncommon trap: reason=class_check action=maybe_recompile pc=0x0000000002b20f74 method=java.util.regex.Pattern$Branch.match(Ljava/util/regex/Matcher;ILjava/lang/CharSequence;)Z @ 50
Event: 4.052 Thread 0x0000000018065000 Uncommon trap: reason=class_check action=maybe_recompile pc=0x0000000002b20f74 method=java.util.regex.Pattern$Branch.match(Ljava/util/regex/Matcher;ILjava/lang/CharSequence;)Z @ 50
Event: 4.057 Thread 0x0000000018065000 Uncommon trap: reason=class_check action=maybe_recompile pc=0x000000000264751c method=java.io.DataInputStream.readUnsignedShort()I @ 4
Event: 4.057 Thread 0x0000000018065000 Uncommon trap: reason=class_check action=maybe_recompile pc=0x000000000264751c method=java.io.DataInputStream.readUnsignedShort()I @ 4
Event: 4.058 Thread 0x0000000018065000 Uncommon trap: reason=class_check action=maybe_recompile pc=0x000000000264751c method=java.io.DataInputStream.readUnsignedShort()I @ 4
Event: 4.058 Thread 0x0000000018065000 Uncommon trap: reason=class_check action=maybe_recompile pc=0x000000000264751c method=java.io.DataInputStream.readUnsignedShort()I @ 4
Event: 4.136 Thread 0x0000000018065000 Uncommon trap: reason=unreached action=reinterpret pc=0x0000000002cf79dc method=java.lang.Integer.parseInt(Ljava/lang/String;I)I @ 1
Event: 4.142 Thread 0x0000000018065000 Uncommon trap: reason=unreached action=reinterpret pc=0x0000000002b24de0 method=java.lang.ClassLoader.getResource(Ljava/lang/String;)Ljava/net/URL; @ 25
Event: 4.142 Thread 0x0000000018065000 Uncommon trap: reason=unreached action=reinterpret pc=0x0000000002b24de0 method=java.lang.ClassLoader.getResource(Ljava/lang/String;)Ljava/net/URL; @ 25

Internal exceptions (10 events):
Event: 4.133 Thread 0x0000000018065000 Exception <a 'java/security/PrivilegedActionException'> (0x00000000eb872828) thrown at [C:\re\workspace\8-2-build-windows-amd64-cygwin\jdk8u11\648\hotspot\src\share\vm\prims\jvm.cpp, line 1248]
Event: 4.133 Thread 0x0000000018065000 Exception <a 'java/security/PrivilegedActionException'> (0x00000000eb873c90) thrown at [C:\re\workspace\8-2-build-windows-amd64-cygwin\jdk8u11\648\hotspot\src\share\vm\prims\jvm.cpp, line 1248]
Event: 4.133 Thread 0x0000000018065000 Exception <a 'java/security/PrivilegedActionException'> (0x00000000eb879c80) thrown at [C:\re\workspace\8-2-build-windows-amd64-cygwin\jdk8u11\648\hotspot\src\share\vm\prims\jvm.cpp, line 1248]
Event: 4.134 Thread 0x0000000018065000 Exception <a 'java/security/PrivilegedActionException'> (0x00000000eb883aa8) thrown at [C:\re\workspace\8-2-build-windows-amd64-cygwin\jdk8u11\648\hotspot\src\share\vm\prims\jvm.cpp, line 1248]
Event: 4.134 Thread 0x0000000018065000 Exception <a 'java/security/PrivilegedActionException'> (0x00000000eb884e58) thrown at [C:\re\workspace\8-2-build-windows-amd64-cygwin\jdk8u11\648\hotspot\src\share\vm\prims\jvm.cpp, line 1248]
Event: 4.134 Thread 0x0000000018065000 Exception <a 'java/security/PrivilegedActionException'> (0x00000000eb88a058) thrown at [C:\re\workspace\8-2-build-windows-amd64-cygwin\jdk8u11\648\hotspot\src\share\vm\prims\jvm.cpp, line 1248]
Event: 4.135 Thread 0x0000000018065000 Exception <a 'java/security/PrivilegedActionException'> (0x00000000eb894100) thrown at [C:\re\workspace\8-2-build-windows-amd64-cygwin\jdk8u11\648\hotspot\src\share\vm\prims\jvm.cpp, line 1248]
Event: 4.135 Thread 0x0000000018065000 Exception <a 'java/security/PrivilegedActionException'> (0x00000000eb895260) thrown at [C:\re\workspace\8-2-build-windows-amd64-cygwin\jdk8u11\648\hotspot\src\share\vm\prims\jvm.cpp, line 1248]
Event: 4.135 Thread 0x0000000018065000 Exception <a 'java/security/PrivilegedActionException'> (0x00000000eb89b0c0) thrown at [C:\re\workspace\8-2-build-windows-amd64-cygwin\jdk8u11\648\hotspot\src\share\vm\prims\jvm.cpp, line 1248]
Event: 4.136 Thread 0x0000000018065000 Implicit null exception at 0x0000000002cf74ef to 0x0000000002cf79c9

Events (10 events):
Event: 4.150 loading class javax/crypto/JarVerifier
Event: 4.151 loading class javax/crypto/JarVerifier done
Event: 4.151 loading class javax/crypto/JarVerifier$1
Event: 4.151 loading class javax/crypto/JarVerifier$1 done
Event: 4.151 loading class sun/security/validator/Validator
Event: 4.152 loading class sun/security/validator/Validator done
Event: 4.152 loading class sun/security/validator/SimpleValidator
Event: 4.152 loading class sun/security/validator/SimpleValidator done
Event: 4.152 loading class sun/security/validator/EndEntityChecker
Event: 4.152 loading class sun/security/validator/EndEntityChecker done


Dynamic libraries:
0x00007ff673400000 - 0x00007ff673434000 	C:\Program Files\Java\jdk1.8.0_11\bin\java.exe
0x00007ff8917f0000 - 0x00007ff8919b2000 	C:\WINDOWS\SYSTEM32\ntdll.dll
0x00007ff890910000 - 0x00007ff8909bd000 	C:\WINDOWS\system32\KERNEL32.DLL
0x00007ff88e6b0000 - 0x00007ff88e88d000 	C:\WINDOWS\system32\KERNELBASE.dll
0x00007ff88c970000 - 0x00007ff88c9e8000 	C:\WINDOWS\system32\apphelp.dll
0x00007ff890fa0000 - 0x00007ff891046000 	C:\WINDOWS\system32\ADVAPI32.dll
0x00007ff891400000 - 0x00007ff89149d000 	C:\WINDOWS\system32\msvcrt.dll
0x00007ff890e10000 - 0x00007ff890e6b000 	C:\WINDOWS\system32\sechost.dll
0x00007ff890a30000 - 0x00007ff890b56000 	C:\WINDOWS\system32\RPCRT4.dll
0x00007ff890cc0000 - 0x00007ff890e0e000 	C:\WINDOWS\system32\USER32.dll
0x00007ff88f0f0000 - 0x00007ff88f275000 	C:\WINDOWS\system32\GDI32.dll
0x00007ff883120000 - 0x00007ff883394000 	C:\WINDOWS\WinSxS\amd64_microsoft.windows.common-controls_6595b64144ccf1df_6.0.10240.16384_none_f41f7b285750ef43\COMCTL32.dll
0x00007ff8910d0000 - 0x00007ff891106000 	C:\WINDOWS\system32\IMM32.DLL
0x00007ff88f280000 - 0x00007ff88f3dc000 	C:\WINDOWS\system32\MSCTF.dll
0x0000000074710000 - 0x00000000747e2000 	C:\Program Files\Java\jdk1.8.0_11\jre\bin\msvcr100.dll
0x0000000073d10000 - 0x000000007453a000 	C:\Program Files\Java\jdk1.8.0_11\jre\bin\server\jvm.dll
0x00007ff8913f0000 - 0x00007ff8913f8000 	C:\WINDOWS\system32\PSAPI.DLL
0x00007ff8875a0000 - 0x00007ff8875a9000 	C:\WINDOWS\SYSTEM32\WSOCK32.dll
0x00007ff884490000 - 0x00007ff8844b3000 	C:\WINDOWS\SYSTEM32\WINMM.dll
0x00007ff890f30000 - 0x00007ff890f99000 	C:\WINDOWS\system32\WS2_32.dll
0x00007ff890e70000 - 0x00007ff890e78000 	C:\WINDOWS\system32\NSI.dll
0x00007ff8843b0000 - 0x00007ff8843dc000 	C:\WINDOWS\SYSTEM32\WINMMBASE.dll
0x00007ff88e490000 - 0x00007ff88e4d4000 	C:\WINDOWS\system32\cfgmgr32.dll
0x00007ff88caf0000 - 0x00007ff88cb17000 	C:\WINDOWS\SYSTEM32\DEVOBJ.dll
0x0000000075c50000 - 0x0000000075c5f000 	C:\Program Files\Java\jdk1.8.0_11\jre\bin\verify.dll
0x0000000075c20000 - 0x0000000075c48000 	C:\Program Files\Java\jdk1.8.0_11\jre\bin\java.dll
0x0000000075c00000 - 0x0000000075c16000 	C:\Program Files\Java\jdk1.8.0_11\jre\bin\zip.dll
0x00007ff88f3e0000 - 0x00007ff890905000 	C:\WINDOWS\system32\SHELL32.dll
0x00007ff88e890000 - 0x00007ff88eeb8000 	C:\WINDOWS\system32\windows.storage.dll
0x00007ff891170000 - 0x00007ff8913ec000 	C:\WINDOWS\system32\combase.dll
0x00007ff891050000 - 0x00007ff8910a1000 	C:\WINDOWS\system32\shlwapi.dll
0x00007ff88e290000 - 0x00007ff88e29f000 	C:\WINDOWS\system32\kernel.appcore.dll
0x00007ff88e5f0000 - 0x00007ff88e6a3000 	C:\WINDOWS\system32\shcore.dll
0x00007ff88e240000 - 0x00007ff88e28a000 	C:\WINDOWS\system32\powrprof.dll
0x00007ff88e2a0000 - 0x00007ff88e2b3000 	C:\WINDOWS\system32\profapi.dll
0x00007ff88dbb0000 - 0x00007ff88dbc7000 	C:\WINDOWS\SYSTEM32\CRYPTSP.dll
0x00007ff88e150000 - 0x00007ff88e178000 	C:\WINDOWS\SYSTEM32\bcrypt.dll
0x00007ff88d6f0000 - 0x00007ff88d723000 	C:\WINDOWS\system32\rsaenh.dll
0x00007ff88da60000 - 0x00007ff88da7f000 	C:\WINDOWS\SYSTEM32\USERENV.dll
0x00007ff88e040000 - 0x00007ff88e0ab000 	C:\WINDOWS\system32\bcryptprimitives.dll
0x00007ff88dcf0000 - 0x00007ff88dcfb000 	C:\WINDOWS\SYSTEM32\CRYPTBASE.dll
0x0000000075be0000 - 0x0000000075bfa000 	C:\Program Files\Java\jdk1.8.0_11\jre\bin\net.dll
0x0000000180000000 - 0x0000000180078000 	C:\WINDOWS\system32\ASProxy64.dll
0x00007ff890b60000 - 0x00007ff890ca1000 	C:\WINDOWS\system32\ole32.dll
0x00007ff891730000 - 0x00007ff8917ee000 	C:\WINDOWS\system32\OLEAUT32.dll
0x00007ff88d9e0000 - 0x00007ff88da3d000 	C:\WINDOWS\SYSTEM32\MSWSOCK.dll
0x00007ff88c610000 - 0x00007ff88c648000 	C:\WINDOWS\SYSTEM32\IPHLPAPI.DLL
0x00007ff886e60000 - 0x00007ff886e6a000 	C:\WINDOWS\SYSTEM32\VERSION.dll
0x00007ff88c580000 - 0x00007ff88c58b000 	C:\WINDOWS\SYSTEM32\WINNSI.DLL
0x00007ff88dde0000 - 0x00007ff88de0c000 	C:\WINDOWS\SYSTEM32\SspiCli.dll
0x00007ff88cb20000 - 0x00007ff88cbb6000 	C:\WINDOWS\system32\uxtheme.dll
0x00007ff890e80000 - 0x00007ff890f25000 	C:\WINDOWS\system32\clbcatq.dll
0x00007ff88e0b0000 - 0x00007ff88e148000 	C:\WINDOWS\SYSTEM32\sxs.dll
0x00007ff88a9e0000 - 0x00007ff88a9f6000 	C:\WINDOWS\SYSTEM32\dhcpcsvc6.DLL
0x00007ff88ae40000 - 0x00007ff88ae5a000 	C:\WINDOWS\SYSTEM32\dhcpcsvc.DLL
0x0000000075bc0000 - 0x0000000075bd1000 	C:\Program Files\Java\jdk1.8.0_11\jre\bin\nio.dll
0x00007ff883d60000 - 0x00007ff883d72000 	C:\Users\Zhao\AppData\Local\Temp\native-platform4530436623227530336dir\native-platform.dll
0x00000000739b0000 - 0x00000000739d4000 	C:\Program Files\Java\jdk1.8.0_11\jre\bin\sunec.dll
0x00007ff8849b0000 - 0x00007ff8849c5000 	C:\WINDOWS\system32\napinsp.dll
0x00007ff8849d0000 - 0x00007ff8849ea000 	C:\WINDOWS\system32\pnrpnsp.dll
0x00007ff88bfc0000 - 0x00007ff88bfd8000 	C:\WINDOWS\system32\NLAapi.dll
0x00007ff88d7c0000 - 0x00007ff88d868000 	C:\WINDOWS\SYSTEM32\DNSAPI.dll
0x00007ff8849f0000 - 0x00007ff8849fd000 	C:\WINDOWS\System32\winrnr.dll
0x00007ff889b50000 - 0x00007ff889b5a000 	C:\Windows\System32\rasadhlp.dll
0x00007ff88a450000 - 0x00007ff88a4b8000 	C:\WINDOWS\System32\fwpuclnt.dll
0x00007ff86eb80000 - 0x00007ff86ed0a000 	C:\WINDOWS\SYSTEM32\dbghelp.dll

VM Arguments:
jvm_args: -XX:MaxPermSize=256m -XX:+HeapDumpOnOutOfMemoryError -Xmx1024m -Dfile.encoding=windows-1252 -Duser.country=US -Duser.language=en -Duser.variant 
java_command: org.gradle.launcher.daemon.bootstrap.GradleDaemon 2.2.1 C:\Users\Zhao\.gradle\daemon 10800000 b0893f0d-2e0b-4e7a-bad4-e4194bbacabd -XX:MaxPermSize=256m -XX:+HeapDumpOnOutOfMemoryError -Xmx1024m -Dfile.encoding=windows-1252 -Duser.country=US -Duser.language=en -Duser.variant
java_class_path (initial): C:\Program Files\Android\Android Studio\gradle\gradle-2.2.1\lib\gradle-launcher-2.2.1.jar
Launcher Type: SUN_STANDARD

Environment Variables:
PATH=C:\WINDOWS\system32;C:\WINDOWS;C:\WINDOWS\System32\Wbem;C:\WINDOWS\System32\WindowsPowerShell\v1.0\;C:\Program Files (x86)\NVIDIA Corporation\PhysX\Common
USERNAME=Zhao
OS=Windows_NT
PROCESSOR_IDENTIFIER=Intel64 Family 6 Model 60 Stepping 3, GenuineIntel



---------------  S Y S T E M  ---------------

OS: Windows 8.1 , 64 bit Build 9600 

CPU:total 8 (4 cores per cpu, 2 threads per core) family 6 model 60 stepping 3, cmov, cx8, fxsr, mmx, sse, sse2, sse3, ssse3, sse4.1, sse4.2, popcnt, avx, avx2, aes, clmul, erms, ht, tsc, tscinvbit

Memory: 4k page, physical 8334188k(4634688k free), swap 10300268k(5430464k free)

vm_info: Java HotSpot(TM) 64-Bit Server VM (25.11-b03) for windows-amd64 JRE (1.8.0_11-b12), built on Jun 16 2014 20:57:32 by "java_re" with MS VC++ 10.0 (VS2010)

time: Fri Aug 14 11:11:06 2015
elapsed time: 4 seconds

